{"/home/jesus/Development/galaxy-app-back/src/constants/index.ts": {"path":"/home/jesus/Development/galaxy-app-back/src/constants/index.ts","statementMap":{"0":{"start":{"line":1,"column":0},"end":{"line":1,"column":9}},"1":{"start":{"line":1,"column":9},"end":{"line":1,"column":42}}},"fnMap":{"0":{"name":"(anonymous_0)","decl":{"start":{"line":1,"column":9},"end":{"line":1,"column":19}},"loc":{"start":{"line":1,"column":9},"end":{"line":1,"column":42}}}},"branchMap":{},"s":{"0":1,"1":1},"f":{"0":0},"b":{}}
,"/home/jesus/Development/galaxy-app-back/src/constants/satellites.ts": {"path":"/home/jesus/Development/galaxy-app-back/src/constants/satellites.ts","statementMap":{"0":{"start":{"line":3,"column":13},"end":{"line":19,"column":2}},"1":{"start":{"line":21,"column":13},"end":{"line":37,"column":2}}},"fnMap":{},"branchMap":{},"s":{"0":2,"1":2},"f":{},"b":{}}
,"/home/jesus/Development/galaxy-app-back/src/interfaces/index.ts": {"path":"/home/jesus/Development/galaxy-app-back/src/interfaces/index.ts","statementMap":{"0":{"start":{"line":1,"column":0},"end":{"line":1,"column":38}}},"fnMap":{},"branchMap":{},"s":{"0":0},"f":{},"b":{}}
,"/home/jesus/Development/galaxy-app-back/src/routes/index.ts": {"path":"/home/jesus/Development/galaxy-app-back/src/routes/index.ts","statementMap":{"0":{"start":{"line":2,"column":19},"end":{"line":2,"column":37}},"1":{"start":{"line":4,"column":15},"end":{"line":4,"column":27}},"2":{"start":{"line":6,"column":0},"end":{"line":11,"column":3}},"3":{"start":{"line":7,"column":17},"end":{"line":9,"column":6}},"4":{"start":{"line":10,"column":4},"end":{"line":10,"column":31}},"5":{"start":{"line":13,"column":0},"end":{"line":13,"column":24}}},"fnMap":{"0":{"name":"(anonymous_0)","decl":{"start":{"line":6,"column":22},"end":{"line":6,"column":23}},"loc":{"start":{"line":6,"column":54},"end":{"line":11,"column":1}}}},"branchMap":{},"s":{"0":1,"1":1,"2":1,"3":0,"4":0,"5":1},"f":{"0":0},"b":{}}
,"/home/jesus/Development/galaxy-app-back/src/routes/topsecret.ts": {"path":"/home/jesus/Development/galaxy-app-back/src/routes/topsecret.ts","statementMap":{"0":{"start":{"line":2,"column":0},"end":{"line":2,"column":42}},"1":{"start":{"line":4,"column":10},"end":{"line":4,"column":31}},"2":{"start":{"line":7,"column":19},"end":{"line":7,"column":37}},"3":{"start":{"line":8,"column":15},"end":{"line":8,"column":27}},"4":{"start":{"line":10,"column":0},"end":{"line":23,"column":3}},"5":{"start":{"line":11,"column":25},"end":{"line":11,"column":33}},"6":{"start":{"line":12,"column":2},"end":{"line":22,"column":null}},"7":{"start":{"line":13,"column":4},"end":{"line":19,"column":7}},"8":{"start":{"line":21,"column":4},"end":{"line":21,"column":null}},"9":{"start":{"line":25,"column":0},"end":{"line":25,"column":24}}},"fnMap":{"0":{"name":"(anonymous_0)","decl":{"start":{"line":10,"column":17},"end":{"line":10,"column":18}},"loc":{"start":{"line":10,"column":49},"end":{"line":23,"column":1}}}},"branchMap":{"0":{"loc":{"start":{"line":12,"column":2},"end":{"line":22,"column":null}},"type":"if","locations":[{"start":{"line":12,"column":2},"end":{"line":22,"column":null}},{"start":{"line":12,"column":2},"end":{"line":22,"column":null}}]}},"s":{"0":1,"1":1,"2":1,"3":1,"4":1,"5":0,"6":0,"7":0,"8":0,"9":1},"f":{"0":0},"b":{"0":[0,0]}}
,"/home/jesus/Development/galaxy-app-back/src/routes/topsecret_split.ts": {"path":"/home/jesus/Development/galaxy-app-back/src/routes/topsecret_split.ts","statementMap":{"0":{"start":{"line":2,"column":0},"end":{"line":2,"column":59}},"1":{"start":{"line":4,"column":10},"end":{"line":4,"column":31}},"2":{"start":{"line":5,"column":19},"end":{"line":5,"column":37}},"3":{"start":{"line":6,"column":15},"end":{"line":6,"column":27}},"4":{"start":{"line":8,"column":0},"end":{"line":30,"column":3}},"5":{"start":{"line":9,"column":28},"end":{"line":9,"column":38}},"6":{"start":{"line":11,"column":2},"end":{"line":29,"column":null}},"7":{"start":{"line":12,"column":4},"end":{"line":22,"column":7}},"8":{"start":{"line":13,"column":8},"end":{"line":21,"column":null}},"9":{"start":{"line":14,"column":10},"end":{"line":20,"column":null}},"10":{"start":{"line":23,"column":4},"end":{"line":25,"column":null}},"11":{"start":{"line":24,"column":6},"end":{"line":24,"column":44}},"12":{"start":{"line":26,"column":4},"end":{"line":26,"column":null}},"13":{"start":{"line":28,"column":4},"end":{"line":28,"column":null}},"14":{"start":{"line":32,"column":0},"end":{"line":61,"column":3}},"15":{"start":{"line":33,"column":32},"end":{"line":33,"column":40}},"16":{"start":{"line":34,"column":28},"end":{"line":34,"column":38}},"17":{"start":{"line":35,"column":41},"end":{"line":41,"column":4}},"18":{"start":{"line":42,"column":2},"end":{"line":60,"column":null}},"19":{"start":{"line":43,"column":4},"end":{"line":47,"column":7}},"20":{"start":{"line":44,"column":8},"end":{"line":46,"column":null}},"21":{"start":{"line":45,"column":10},"end":{"line":45,"column":38}},"22":{"start":{"line":48,"column":4},"end":{"line":56,"column":null}},"23":{"start":{"line":49,"column":6},"end":{"line":55,"column":9}},"24":{"start":{"line":57,"column":4},"end":{"line":57,"column":null}},"25":{"start":{"line":59,"column":4},"end":{"line":59,"column":null}},"26":{"start":{"line":63,"column":0},"end":{"line":63,"column":24}}},"fnMap":{"0":{"name":"(anonymous_0)","decl":{"start":{"line":8,"column":30},"end":{"line":8,"column":31}},"loc":{"start":{"line":8,"column":62},"end":{"line":30,"column":1}}},"1":{"name":"(anonymous_1)","decl":{"start":{"line":12,"column":29},"end":{"line":12,"column":30}},"loc":{"start":{"line":12,"column":72},"end":{"line":22,"column":5}}},"2":{"name":"(anonymous_2)","decl":{"start":{"line":32,"column":31},"end":{"line":32,"column":32}},"loc":{"start":{"line":32,"column":63},"end":{"line":61,"column":1}}},"3":{"name":"(anonymous_3)","decl":{"start":{"line":43,"column":29},"end":{"line":43,"column":30}},"loc":{"start":{"line":43,"column":60},"end":{"line":47,"column":5}}}},"branchMap":{"0":{"loc":{"start":{"line":11,"column":2},"end":{"line":29,"column":null}},"type":"if","locations":[{"start":{"line":11,"column":2},"end":{"line":29,"column":null}},{"start":{"line":11,"column":2},"end":{"line":29,"column":null}}]},"1":{"loc":{"start":{"line":13,"column":8},"end":{"line":21,"column":null}},"type":"if","locations":[{"start":{"line":13,"column":8},"end":{"line":21,"column":null}},{"start":{"line":13,"column":8},"end":{"line":21,"column":null}}]},"2":{"loc":{"start":{"line":23,"column":4},"end":{"line":25,"column":null}},"type":"if","locations":[{"start":{"line":23,"column":4},"end":{"line":25,"column":null}},{"start":{"line":23,"column":4},"end":{"line":25,"column":null}}]},"3":{"loc":{"start":{"line":42,"column":2},"end":{"line":60,"column":null}},"type":"if","locations":[{"start":{"line":42,"column":2},"end":{"line":60,"column":null}},{"start":{"line":42,"column":2},"end":{"line":60,"column":null}}]},"4":{"loc":{"start":{"line":44,"column":8},"end":{"line":46,"column":null}},"type":"if","locations":[{"start":{"line":44,"column":8},"end":{"line":46,"column":null}},{"start":{"line":44,"column":8},"end":{"line":46,"column":null}}]},"5":{"loc":{"start":{"line":48,"column":4},"end":{"line":56,"column":null}},"type":"if","locations":[{"start":{"line":48,"column":4},"end":{"line":56,"column":null}},{"start":{"line":48,"column":4},"end":{"line":56,"column":null}}]},"6":{"loc":{"start":{"line":48,"column":7},"end":{"line":48,"column":44}},"type":"binary-expr","locations":[{"start":{"line":48,"column":7},"end":{"line":48,"column":44}},{"start":{"line":48,"column":48},"end":{"line":48,"column":115}}]}},"s":{"0":1,"1":1,"2":1,"3":1,"4":1,"5":0,"6":0,"7":0,"8":0,"9":0,"10":0,"11":0,"12":0,"13":0,"14":1,"15":0,"16":0,"17":0,"18":0,"19":0,"20":0,"21":0,"22":0,"23":0,"24":0,"25":0,"26":1},"f":{"0":0,"1":0,"2":0,"3":0},"b":{"0":[0,0],"1":[0,0],"2":[0,0],"3":[0,0],"4":[0,0],"5":[0,0],"6":[0,0]}}
}
